[    0.000000] Linux version 4.15.0-192-generic (buildd@lcy02-amd64-029) (gcc version 7.5.0 (Ubuntu 7.5.0-3ubuntu1~18.04)) #203-Ubuntu SMP Wed Aug 10 17:40:03 UTC 2022 (Ubuntu 4.15.0-192.203-generic 4.15.18)
[    0.000000] Command line: BOOT_IMAGE=/boot/vmlinuz-4.15.0-192-generic root=UUID=ceef48b4-cdab-4e8e-9da5-50b9e7caf9df ro console=tty1 console=ttyS0
[    0.000000] KERNEL supported cpus:
[    0.000000]   Intel GenuineIntel
[    0.000000]   AMD AuthenticAMD
[    0.000000]   Centaur CentaurHauls
[    0.000000] [Firmware Bug]: TSC doesn't count with P0 frequency!
[    0.000000] x86/fpu: Supporting XSAVE feature 0x001: 'x87 floating point registers'
[    0.000000] x86/fpu: Supporting XSAVE feature 0x002: 'SSE registers'
[    0.000000] x86/fpu: Supporting XSAVE feature 0x004: 'AVX registers'
[    0.000000] x86/fpu: xstate_offset[2]:  576, xstate_sizes[2]:  256
[    0.000000] x86/fpu: Enabled xstate features 0x7, context size is 832 bytes, using 'standard' format.
[    0.000000] e820: BIOS-provided physical RAM map:
[    0.000000] BIOS-e820: [mem 0x0000000000000000-0x000000000009fbff] usable
[    0.000000] BIOS-e820: [mem 0x000000000009fc00-0x000000000009ffff] reserved
[    0.000000] BIOS-e820: [mem 0x00000000000f0000-0x00000000000fffff] reserved
[    0.000000] BIOS-e820: [mem 0x0000000000100000-0x000000003ffeffff] usable
[    0.000000] BIOS-e820: [mem 0x000000003fff0000-0x000000003fffffff] ACPI data
[    0.000000] BIOS-e820: [mem 0x00000000fec00000-0x00000000fec00fff] reserved
[    0.000000] BIOS-e820: [mem 0x00000000fee00000-0x00000000fee00fff] reserved
[    0.000000] BIOS-e820: [mem 0x00000000fffc0000-0x00000000ffffffff] reserved
[    0.000000] NX (Execute Disable) protection: active
[    0.000000] SMBIOS 2.5 present.
[    0.000000] DMI: innotek GmbH VirtualBox/VirtualBox, BIOS VirtualBox 12/01/2006
[    0.000000] Hypervisor detected: KVM
[    0.000000] e820: last_pfn = 0x3fff0 max_arch_pfn = 0x400000000
[    0.000000] MTRR: Disabled
[    0.000000] x86/PAT: MTRRs disabled, skipping PAT initialization too.
[    0.000000] CPU MTRRs all blank - virtualized system.
[    0.000000] x86/PAT: Configuration [0-7]: WB  WT  UC- UC  WB  WT  UC- UC  
[    0.000000] found SMP MP-table at [mem 0x0009fff0-0x0009ffff]
[    0.000000] Scanning 1 areas for low memory corruption
[    0.000000] RAMDISK: [mem 0x3581d000-0x36c05fff]
[    0.000000] ACPI: Early table checksum verification disabled
[    0.000000] ACPI: RSDP 0x00000000000E0000 000024 (v02 VBOX  )
[    0.000000] ACPI: XSDT 0x000000003FFF0030 00003C (v01 VBOX   VBOXXSDT 00000001 ASL  00000061)
[    0.000000] ACPI: FACP 0x000000003FFF00F0 0000F4 (v04 VBOX   VBOXFACP 00000001 ASL  00000061)
[    0.000000] ACPI: DSDT 0x000000003FFF0470 002325 (v02 VBOX   VBOXBIOS 00000002 INTL 20200925)
[    0.000000] ACPI: FACS 0x000000003FFF0200 000040
[    0.000000] ACPI: FACS 0x000000003FFF0200 000040
[    0.000000] ACPI: APIC 0x000000003FFF0240 00005C (v02 VBOX   VBOXAPIC 00000001 ASL  00000061)
[    0.000000] ACPI: SSDT 0x000000003FFF02A0 0001CC (v01 VBOX   VBOXCPUT 00000002 INTL 20200925)
[    0.000000] ACPI: Reserving FACP table memory at [mem 0x3fff00f0-0x3fff01e3]
[    0.000000] ACPI: Reserving DSDT table memory at [mem 0x3fff0470-0x3fff2794]
[    0.000000] ACPI: Reserving FACS table memory at [mem 0x3fff0200-0x3fff023f]
[    0.000000] ACPI: Reserving FACS table memory at [mem 0x3fff0200-0x3fff023f]
[    0.000000] ACPI: Reserving APIC table memory at [mem 0x3fff0240-0x3fff029b]
[    0.000000] ACPI: Reserving SSDT table memory at [mem 0x3fff02a0-0x3fff046b]
[    0.000000] No NUMA configuration found
[    0.000000] Faking a node at [mem 0x0000000000000000-0x000000003ffeffff]
[    0.000000] NODE_DATA(0) allocated [mem 0x3ffc5000-0x3ffeffff]
[    0.000000] kvm-clock: cpu 0, msr 0:3ff44001, primary cpu clock
[    0.000000] kvm-clock: Using msrs 4b564d01 and 4b564d00
[    0.000000] kvm-clock: using sched offset of 4815102043 cycles
[    0.000000] clocksource: kvm-clock: mask: 0xffffffffffffffff max_cycles: 0x1cd42e4dffb, max_idle_ns: 881590591483 ns
[    0.000000] Zone ranges:
[    0.000000]   DMA      [mem 0x0000000000001000-0x0000000000ffffff]
[    0.000000]   DMA32    [mem 0x0000000001000000-0x000000003ffeffff]
[    0.000000]   Normal   empty
[    0.000000]   Device   empty
[    0.000000] Movable zone start for each node
[    0.000000] Early memory node ranges
[    0.000000]   node   0: [mem 0x0000000000001000-0x000000000009efff]
[    0.000000]   node   0: [mem 0x0000000000100000-0x000000003ffeffff]
[    0.000000] Reserved but unavailable: 104 pages
[    0.000000] Initmem setup node 0 [mem 0x0000000000001000-0x000000003ffeffff]
[    0.000000] ACPI: PM-Timer IO Port: 0x4008
[    0.000000] IOAPIC[0]: apic_id 2, version 32, address 0xfec00000, GSI 0-23
[    0.000000] ACPI: INT_SRC_OVR (bus 0 bus_irq 0 global_irq 2 dfl dfl)
[    0.000000] ACPI: INT_SRC_OVR (bus 0 bus_irq 9 global_irq 9 low level)
[    0.000000] Using ACPI (MADT) for SMP configuration information
[    0.000000] smpboot: Allowing 2 CPUs, 0 hotplug CPUs
[    0.000000] PM: Registered nosave memory: [mem 0x00000000-0x00000fff]
[    0.000000] PM: Registered nosave memory: [mem 0x0009f000-0x0009ffff]
[    0.000000] PM: Registered nosave memory: [mem 0x000a0000-0x000effff]
[    0.000000] PM: Registered nosave memory: [mem 0x000f0000-0x000fffff]
[    0.000000] e820: [mem 0x40000000-0xfebfffff] available for PCI devices
[    0.000000] Booting paravirtualized kernel on KVM
[    0.000000] clocksource: refined-jiffies: mask: 0xffffffff max_cycles: 0xffffffff, max_idle_ns: 7645519600211568 ns
[    0.000000] random: get_random_bytes called from start_kernel+0x99/0x500 with crng_init=0
[    0.000000] setup_percpu: NR_CPUS:8192 nr_cpumask_bits:2 nr_cpu_ids:2 nr_node_ids:1
[    0.000000] percpu: Embedded 50 pages/cpu s167936 r8192 d28672 u1048576
[    0.000000] PV qspinlock hash table entries: 256 (order: 0, 4096 bytes)
[    0.000000] Built 1 zonelists, mobility grouping on.  Total pages: 257913
[    0.000000] Policy zone: DMA32
[    0.000000] Kernel command line: BOOT_IMAGE=/boot/vmlinuz-4.15.0-192-generic root=UUID=ceef48b4-cdab-4e8e-9da5-50b9e7caf9df ro console=tty1 console=ttyS0
[    0.000000] Memory: 981788K/1048120K available (12300K kernel code, 2484K rwdata, 4324K rodata, 2468K init, 2724K bss, 66332K reserved, 0K cma-reserved)
[    0.000000] SLUB: HWalign=64, Order=0-3, MinObjects=0, CPUs=2, Nodes=1
[    0.000000] ftrace: allocating 39482 entries in 155 pages
[    0.004000] Hierarchical RCU implementation.
[    0.004000] 	RCU restricting CPUs from NR_CPUS=8192 to nr_cpu_ids=2.
[    0.004000] 	Tasks RCU enabled.
[    0.004000] RCU: Adjusting geometry for rcu_fanout_leaf=16, nr_cpu_ids=2
[    0.004000] NR_IRQS: 524544, nr_irqs: 440, preallocated irqs: 16
[    0.004000] Console: colour VGA+ 80x25
[    0.004000] console [tty1] enabled
[    0.004000] console [ttyS0] enabled
[    0.004000] ACPI: Core revision 20170831
[    0.004000] ACPI: 2 ACPI AML tables successfully acquired and loaded
[    0.004000] APIC: Switch to symmetric I/O mode setup
[    0.004000] x2apic enabled
[    0.004000] Switched APIC routing to physical x2apic.
[    0.004000] ..TIMER: vector=0x30 apic1=0 pin1=2 apic2=-1 pin2=-1
[    0.004000] tsc: Detected 3231.230 MHz processor
[    0.004000] Calibrating delay loop (skipped) preset value.. 6462.46 BogoMIPS (lpj=12924920)
[    0.004000] pid_max: default: 32768 minimum: 301
[    0.004000] Security Framework initialized
[    0.004000] Yama: becoming mindful.
[    0.004000] AppArmor: AppArmor initialized
[    0.004000] Dentry cache hash table entries: 131072 (order: 8, 1048576 bytes)
[    0.004000] Inode-cache hash table entries: 65536 (order: 7, 524288 bytes)
[    0.004000] Mount-cache hash table entries: 2048 (order: 2, 16384 bytes)
[    0.004000] Mountpoint-cache hash table entries: 2048 (order: 2, 16384 bytes)
[    0.004000] Last level iTLB entries: 4KB 1024, 2MB 1024, 4MB 512
[    0.004000] Last level dTLB entries: 4KB 1536, 2MB 1536, 4MB 768, 1GB 0
[    0.004000] Spectre V1 : Mitigation: usercopy/swapgs barriers and __user pointer sanitization
[    0.004000] Spectre V2 : Mitigation: Retpolines
[    0.004000] Spectre V2 : Spectre v2 / SpectreRSB mitigation: Filling RSB on context switch
[    0.004000] Speculative Store Bypass: Mitigation: Speculative Store Bypass disabled via prctl and seccomp
[    0.004000] Freeing SMP alternatives memory: 36K
[    0.133831] APIC calibration not consistent with PM-Timer: 112ms instead of 100ms
[    0.135516] APIC delta adjusted to PM-Timer: 6257487 (7026611)
[    0.136060] smpboot: CPU0: AMD Ryzen 5 1400 Quad-Core Processor (family: 0x17, model: 0x1, stepping: 0x1)
[    0.138184] Performance Events: PMU not available due to virtualization, using software events only.
[    0.140049] Hierarchical SRCU implementation.
[    0.141644] NMI watchdog: Perf event create on CPU 0 failed with -2
[    0.143034] NMI watchdog: Perf NMI watchdog permanently disabled
[    0.144051] smp: Bringing up secondary CPUs ...
[    0.145164] x86: Booting SMP configuration:
[    0.146036] .... node  #0, CPUs:      #1
[    0.004000] kvm-clock: cpu 1, msr 0:3ff44041, secondary cpu clock
[    0.150580] smp: Brought up 1 node, 2 CPUs
[    0.150580] smpboot: Max logical packages: 1
[    0.152006] smpboot: Total of 2 processors activated (12924.92 BogoMIPS)
[    0.153702] devtmpfs: initialized
[    0.153702] x86/mm: Memory block size: 128MB
[    0.154624] evm: security.selinux
[    0.155620] evm: security.SMACK64
[    0.156018] evm: security.SMACK64EXEC
[    0.157081] evm: security.SMACK64TRANSMUTE
[    0.158218] evm: security.SMACK64MMAP
[    0.159246] evm: security.apparmor
[    0.160000] evm: security.ima
[    0.160006] evm: security.capability
[    0.164102] clocksource: jiffies: mask: 0xffffffff max_cycles: 0xffffffff, max_idle_ns: 7645041785100000 ns
[    0.164102] futex hash table entries: 512 (order: 3, 32768 bytes)
[    0.168086] pinctrl core: initialized pinctrl subsystem
[    0.169731] RTC time: 13:28:45, date: 09/14/22
[    0.171291] NET: Registered protocol family 16
[    0.172153] audit: initializing netlink subsys (disabled)
[    0.176058] audit: type=2000 audit(1663162131.252:1): state=initialized audit_enabled=0 res=1
[    0.178140] cpuidle: using governor ladder
[    0.180018] cpuidle: using governor menu
[    0.181231] ACPI: bus type PCI registered
[    0.181231] acpiphp: ACPI Hot Plug PCI Controller Driver version: 0.5
[    0.184089] PCI: Using configuration type 1 for base access
[    0.185328] PCI: Using configuration type 1 for extended access
[    0.188147] HugeTLB registered 2.00 MiB page size, pre-allocated 0 pages
[    0.189783] ACPI: Added _OSI(Module Device)
[    0.189783] ACPI: Added _OSI(Processor Device)
[    0.190458] ACPI: Added _OSI(3.0 _SCP Extensions)
[    0.192008] ACPI: Added _OSI(Processor Aggregator Device)
[    0.193396] ACPI: Added _OSI(Linux-Dell-Video)
[    0.194500] ACPI: Added _OSI(Linux-Lenovo-NV-HDMI-Audio)
[    0.196007] ACPI: Added _OSI(Linux-HPI-Hybrid-Graphics)
[    0.197881] ACPI: Executed 1 blocks of module-level executable AML code
[    0.206863] ACPI: Interpreter enabled
[    0.208042] ACPI: (supports S0 S5)
[    0.209481] ACPI: Using IOAPIC for interrupt routing
[    0.212592] PCI: Using host bridge windows from ACPI; if necessary, use "pci=nocrs" and report a bug
[    0.215472] ACPI: Enabled 2 GPEs in block 00 to 07
[    0.225718] ACPI: PCI Root Bridge [PCI0] (domain 0000 [bus 00-ff])
[    0.227366] acpi PNP0A03:00: _OSC: OS supports [ExtendedConfig ASPM ClockPM Segments MSI]
[    0.230246] acpi PNP0A03:00: _OSC: platform does not support [PCIeCapability]
[    0.233116] acpi PNP0A03:00: _OSC: not requesting control; platform does not support [PCIeCapability]
[    0.236000] acpi PNP0A03:00: _OSC: OS requested [PCIeHotplug PME AER PCIeCapability]
[    0.236005] acpi PNP0A03:00: _OSC: platform willing to grant [PCIeHotplug PME AER]
[    0.237281] acpi PNP0A03:00: _OSC failed (AE_SUPPORT); disabling ASPM
[    0.240181] PCI host bridge to bus 0000:00
[    0.240809] pci_bus 0000:00: root bus resource [io  0x0000-0x0cf7 window]
[    0.241853] pci_bus 0000:00: root bus resource [io  0x0d00-0xffff window]
[    0.242795] pci_bus 0000:00: root bus resource [mem 0x000a0000-0x000bffff window]
[    0.244004] pci_bus 0000:00: root bus resource [mem 0x40000000-0xfdffffff window]
[    0.244997] pci_bus 0000:00: root bus resource [bus 00-ff]
[    0.246968] pci 0000:00:01.1: legacy IDE quirk: reg 0x10: [io  0x01f0-0x01f7]
[    0.248007] pci 0000:00:01.1: legacy IDE quirk: reg 0x14: [io  0x03f6]
[    0.248970] pci 0000:00:01.1: legacy IDE quirk: reg 0x18: [io  0x0170-0x0177]
[    0.249893] pci 0000:00:01.1: legacy IDE quirk: reg 0x1c: [io  0x0376]
[    0.266782] pci 0000:00:07.0: quirk: [io  0x4000-0x403f] claimed by PIIX4 ACPI
[    0.268009] pci 0000:00:07.0: quirk: [io  0x4100-0x410f] claimed by PIIX4 SMB
[    0.277917] ACPI: PCI Interrupt Link [LNKA] (IRQs 5 9 10 *11)
[    0.278979] ACPI: PCI Interrupt Link [LNKB] (IRQs 5 9 *10 11)
[    0.280118] ACPI: PCI Interrupt Link [LNKC] (IRQs 5 *9 10 11)
[    0.281056] ACPI: PCI Interrupt Link [LNKD] (IRQs 5 9 10 *11)
[    0.282278] SCSI subsystem initialized
[    0.284056] pci 0000:00:02.0: vgaarb: setting as boot VGA device
[    0.284815] pci 0000:00:02.0: vgaarb: VGA device added: decodes=io+mem,owns=io+mem,locks=none
[    0.288011] pci 0000:00:02.0: vgaarb: bridge control possible
[    0.288730] vgaarb: loaded
[    0.289112] ACPI: bus type USB registered
[    0.289700] usbcore: registered new interface driver usbfs
[    0.289700] usbcore: registered new interface driver hub
[    0.289700] usbcore: registered new device driver usb
[    0.292025] EDAC MC: Ver: 3.0.0
[    0.292784] PCI: Using ACPI for IRQ routing
[    0.292909] NetLabel: Initializing
[    0.293476] NetLabel:  domain hash size = 128
[    0.296003] NetLabel:  protocols = UNLABELED CIPSOv4 CALIPSO
[    0.296860] NetLabel:  unlabeled traffic allowed by default
[    0.297656] clocksource: Switched to clocksource kvm-clock
[    0.309219] VFS: Disk quotas dquot_6.6.0
[    0.310038] VFS: Dquot-cache hash table entries: 512 (order 0, 4096 bytes)
[    0.311715] AppArmor: AppArmor Filesystem Enabled
[    0.312511] pnp: PnP ACPI init
[    0.313847] pnp: PnP ACPI: found 3 devices
[    0.323795] clocksource: acpi_pm: mask: 0xffffff max_cycles: 0xffffff, max_idle_ns: 2085701024 ns
[    0.325251] NET: Registered protocol family 2
[    0.325833] IP idents hash table entries: 16384 (order: 5, 131072 bytes)
[    0.326971] TCP established hash table entries: 8192 (order: 4, 65536 bytes)
[    0.329098] TCP bind hash table entries: 8192 (order: 5, 131072 bytes)
[    0.330216] TCP: Hash tables configured (established 8192 bind 8192)
[    0.331677] UDP hash table entries: 512 (order: 2, 16384 bytes)
[    0.333010] UDP-Lite hash table entries: 512 (order: 2, 16384 bytes)
[    0.334464] NET: Registered protocol family 1
[    0.335490] pci 0000:00:00.0: Limiting direct PCI/PCI transfers
[    0.336752] pci 0000:00:01.0: Activating ISA DMA hang workarounds
[    0.337522] pci 0000:00:02.0: Video device with shadowed ROM at [mem 0x000c0000-0x000dffff]
[    0.338599] Unpacking initramfs...
[    0.675109] Freeing initrd memory: 20388K
[    0.675884] clocksource: tsc: mask: 0xffffffffffffffff max_cycles: 0x2e938836ebc, max_idle_ns: 440795334466 ns
[    0.677380] platform rtc_cmos: registered platform RTC device (no PNP device found)
[    0.678468] Scanning for low memory corruption every 60 seconds
[    0.679928] Initialise system trusted keyrings
[    0.680697] Key type blacklist registered
[    0.681286] workingset: timestamp_bits=36 max_order=18 bucket_order=0
[    0.682954] zbud: loaded
[    0.683901] squashfs: version 4.0 (2009/01/31) Phillip Lougher
[    0.685070] fuse init (API version 7.26)
[    0.690502] Key type asymmetric registered
[    0.691453] Asymmetric key parser 'x509' registered
[    0.692534] Block layer SCSI generic (bsg) driver version 0.4 loaded (major 246)
[    0.693971] io scheduler noop registered
[    0.694645] io scheduler deadline registered
[    0.695452] io scheduler cfq registered (default)
[    0.696431] ACPI: AC Adapter [AC] (on-line)
[    0.697291] input: Power Button as /devices/LNXSYSTM:00/LNXPWRBN:00/input/input0
[    0.698740] ACPI: Power Button [PWRF]
[    0.699379] input: Sleep Button as /devices/LNXSYSTM:00/LNXSLPBN:00/input/input1
[    0.700642] ACPI: Sleep Button [SLPF]
[    0.701736] Serial: 8250/16550 driver, 32 ports, IRQ sharing enabled
[    0.723162] 00:02: ttyS0 at I/O 0x3f8 (irq = 4, base_baud = 115200) is a 16550A
[    0.727157] Linux agpgart interface v0.103
[    0.729101] loop: module loaded
[    0.730057] scsi host0: ata_piix
[    0.730777] scsi host1: ata_piix
[    0.731242] ata1: PATA max UDMA/33 cmd 0x1f0 ctl 0x3f6 bmdma 0xd000 irq 14
[    0.732045] ata2: PATA max UDMA/33 cmd 0x170 ctl 0x376 bmdma 0xd008 irq 15
[    0.733068] tun: Universal TUN/TAP device driver, 1.6
[    0.733759] PPP generic driver version 2.4.2
[    0.734355] ehci_hcd: USB 2.0 'Enhanced' Host Controller (EHCI) Driver
[    0.735131] ehci-pci: EHCI PCI platform driver
[    0.735672] ehci-platform: EHCI generic platform driver
[    0.736314] ohci_hcd: USB 1.1 'Open' Host Controller (OHCI) Driver
[    0.737023] ohci-pci: OHCI PCI platform driver
[    0.737570] ohci-platform: OHCI generic platform driver
[    0.738240] uhci_hcd: USB Universal Host Controller Interface driver
[    0.739297] i8042: PNP: PS/2 Controller [PNP0303:PS2K,PNP0f03:PS2M] at 0x60,0x64 irq 1,12
[    0.740842] serio: i8042 KBD port at 0x60,0x64 irq 1
[    0.741493] serio: i8042 AUX port at 0x60,0x64 irq 12
[    0.742257] mousedev: PS/2 mouse device common for all mice
[    0.743208] input: AT Translated Set 2 keyboard as /devices/platform/i8042/serio0/input/input2
[    0.744571] rtc_cmos rtc_cmos: rtc core: registered rtc_cmos as rtc0
[    0.745308] rtc_cmos rtc_cmos: alarms up to one day, 114 bytes nvram
[    0.746008] i2c /dev entries driver
[    0.746469] device-mapper: uevent: version 1.0.3
[    0.747067] device-mapper: ioctl: 4.37.0-ioctl (2017-09-20) initialised: dm-devel@redhat.com
[    0.748114] ledtrig-cpu: registered to indicate activity on CPUs
[    0.749417] NET: Registered protocol family 10
[    0.754952] Segment Routing with IPv6
[    0.755744] NET: Registered protocol family 17
[    0.756571] Key type dns_resolver registered
[    0.757410] mce: Using 0 MCE banks
[    0.757934] RAS: Correctable Errors collector initialized.
[    0.758742] sched_clock: Marking stable (757381951, 0)->(913583064, -156201113)
[    0.760331] registered taskstats version 1
[    0.760938] Loading compiled-in X.509 certificates
[    0.763667] Loaded X.509 cert 'Build time autogenerated kernel key: af04d57e94487e4500da7630f19b69a59e91d95a'
[    0.766041] Loaded X.509 cert 'Canonical Ltd. Live Patch Signing: 14df34d1a87cf37625abec039ef2bf521249b969'
[    0.767966] Loaded X.509 cert 'Canonical Ltd. Kernel Module Signing: 88f752e560a1e0737e31163a466ad7b70a850c19'
[    0.769634] blacklist: Loading compiled-in revocation X.509 certificates
[    0.770711] Loaded X.509 cert 'Canonical Ltd. Secure Boot Signing: 61482aa2830d0ab2ad5af10b7250da9033ddcef0'
[    0.772104] zswap: loaded using pool lzo/zbud
[    0.775757] Key type big_key registered
[    0.776447] Key type trusted registered
[    0.778674] Key type encrypted registered
[    0.779501] AppArmor: AppArmor sha1 policy hashing enabled
[    0.780308] ima: No TPM chip found, activating TPM-bypass! (rc=-19)
[    0.781147] ima: Allocated hash algorithm: sha1
[    0.781815] evm: HMAC attrs: 0x1
[    0.782508]   Magic number: 6:375:483
[    0.783185] rtc_cmos rtc_cmos: setting system clock to 2022-09-14 13:28:45 UTC (1663162125)
[    0.784503] BIOS EDD facility v0.16 2004-Jun-25, 0 devices found
[    0.785338] EDD information not available.
[    0.926192] Freeing unused kernel image memory: 2468K
[    1.002952] Write protecting the kernel read-only data: 20480k
[    1.004472] Freeing unused kernel image memory: 2008K
[    1.005474] Freeing unused kernel image memory: 1820K
[    1.013849] x86/mm: Checked W+X mappings: passed, no W+X pages found.
Loading, please wait...
starting version 237
[    1.078764] e1000: Intel(R) PRO/1000 Network Driver - version 7.3.21-k8-NAPI
[    1.080757] e1000: Copyright (c) 1999-2006 Intel Corporation.
[    1.083348] Fusion MPT base driver 3.04.20
[    1.084766] Copyright (c) 1999-2008 LSI Corporation
[    1.094312] Fusion MPT SPI Host driver 3.04.20
[    1.107875] AVX2 version of gcm_enc/dec engaged.
[    1.110158] AES CTR mode by8 optimization enabled
[    1.296722] input: ImExPS/2 Generic Explorer Mouse as /devices/platform/i8042/serio1/input/input4
[    1.700580] e1000 0000:00:03.0 eth0: (PCI:33MHz:32-bit) 02:dd:70:87:b9:65
[    1.702433] e1000 0000:00:03.0 eth0: Intel(R) PRO/1000 Network Connection
[    2.691288] e1000 0000:00:08.0 eth1: (PCI:33MHz:32-bit) 08:00:27:95:77:09
[    2.692351] e1000 0000:00:08.0 eth1: Intel(R) PRO/1000 Network Connection
[    2.694401] e1000 0000:00:08.0 enp0s8: renamed from eth1
[    2.695384] mptbase: ioc0: Initiating bringup
[    2.712423] e1000 0000:00:03.0 enp0s3: renamed from eth0
[    2.995902] ioc0: LSI53C1030 A0: Capabilities={Initiator}
[    4.297884] scsi host2: ioc0: LSI53C1030 A0, FwRev=00000000h, Ports=1, MaxQ=256, IRQ=20
[    5.700598] scsi 2:0:0:0: Direct-Access     VBOX     HARDDISK         1.0  PQ: 0 ANSI: 5
[    5.947713] scsi target2:0:0: Beginning Domain Validation
[    5.949972] scsi target2:0:0: Domain Validation skipping write tests
[    5.950933] scsi target2:0:0: Ending Domain Validation
[    5.951783] scsi target2:0:0: asynchronous
[    5.952879] scsi 2:0:1:0: Direct-Access     VBOX     HARDDISK         1.0  PQ: 0 ANSI: 5
[    6.359315] scsi target2:0:1: Beginning Domain Validation
[    6.361339] random: fast init done
[    6.362099] scsi target2:0:1: Domain Validation skipping write tests
[    6.363022] scsi target2:0:1: Ending Domain Validation
[    6.363777] scsi target2:0:1: asynchronous
[    6.368417] random: systemd-udevd: uninitialized urandom read (16 bytes read)
[    6.368577] sd 2:0:0:0: Attached scsi generic sg0 type 0
[    6.370047] random: systemd-udevd: uninitialized urandom read (16 bytes read)
[    6.370051] random: systemd-udevd: uninitialized urandom read (16 bytes read)
[    6.373024] sd 2:0:0:0: [sda] 83886080 512-byte logical blocks: (42.9 GB/40.0 GiB)
[    6.373410] sd 2:0:1:0: [sdb] 20480 512-byte logical blocks: (10.5 MB/10.0 MiB)
[    6.374507] sd 2:0:1:0: Attached scsi generic sg1 type 0
[    6.375231] sd 2:0:0:0: [sda] Write Protect is off
[    6.376056] sd 2:0:1:0: [sdb] Write Protect is off
[    6.377465] sd 2:0:0:0: [sda] Incomplete mode parameter data
[    6.377480] sd 2:0:1:0: [sdb] Incomplete mode parameter data
[    6.378318] sd 2:0:0:0: [sda] Assuming drive cache: write through
[    6.379051] sd 2:0:1:0: [sdb] Assuming drive cache: write through
[    6.401639]  sda: sda1
[    6.403484] sd 2:0:0:0: [sda] Attached SCSI disk
[    6.437096] sd 2:0:1:0: [sdb] Attached SCSI disk
Begin: Loading essential drivers ... [    7.964150] raid6: sse2x1   gen()  5886 MB/s
[    8.012104] raid6: sse2x1   xor()  5879 MB/s
[    8.060234] raid6: sse2x2   gen() 10973 MB/s
[    8.108148] raid6: sse2x2   xor()  8105 MB/s
[    8.156207] raid6: sse2x4   gen() 13197 MB/s
[    8.204180] raid6: sse2x4   xor()  6552 MB/s
[    8.252330] raid6: avx2x1   gen() 12671 MB/s
[    8.300090] raid6: avx2x1   xor()  8608 MB/s
[    8.348062] raid6: avx2x2   gen() 17245 MB/s
[    8.396102] raid6: avx2x2   xor() 11378 MB/s
[    8.444032] raid6: avx2x4   gen() 18906 MB/s
[    8.492086] raid6: avx2x4   xor()  8854 MB/s
[    8.493190] raid6: using algorithm avx2x4 gen() 18906 MB/s
[    8.494344] raid6: .... xor() 8854 MB/s, rmw enabled
[    8.495575] raid6: using avx2x2 recovery algorithm
[    8.498647] xor: automatically using best checksumming function   avx       
[    8.503240] async_tx: api initialized (async)
done.
Begin: Running /scripts/init-premount ... done.
Begin: Mounting root file system ... Begin: Running /scripts/local-top ... done.
Begin: Running /scripts/local-premount ... [    8.577599] Btrfs loaded, crc32c=crc32c-intel
Scanning for Btrfs filesystems
done.
Begin: Will now check root file system ... fsck from util-linux 2.31.1
[/sbin/fsck.ext4 (1) -- /dev/sda1] fsck.ext4 -a -C0 /dev/sda1 
cloudimg-rootfs: clean, 99401/5120000 files, 748213/10485499 blocks
done.
[    8.709295] EXT4-fs (sda1): mounted filesystem with ordered data mode. Opts: (null)
done.
Begin: Running /scripts/local-bottom ... done.
Begin: Running /scripts/init-bottom ... done.
[   10.035823] ip_tables: (C) 2000-2006 Netfilter Core Team
[   10.162001] systemd[1]: systemd 237 running in system mode. (+PAM +AUDIT +SELINUX +IMA +APPARMOR +SMACK +SYSVINIT +UTMP +LIBCRYPTSETUP +GCRYPT +GNUTLS +ACL +XZ +LZ4 +SECCOMP +BLKID +ELFUTILS +KMOD -IDN2 +IDN -PCRE2 default-hierarchy=hybrid)
[   10.164983] systemd[1]: Detected virtualization oracle.
[   10.165913] systemd[1]: Detected architecture x86-64.

Welcome to [1mUbuntu 18.04.6 LTS[0m!

[   10.195413] systemd[1]: Set hostname to <ubuntu-bionic>.
[   10.798881] random: crng init done
[   10.799891] random: 7 urandom warning(s) missed due to ratelimiting
[   12.576087] systemd[1]: Reached target Swap.
[[0;32m  OK  [0m] Reached target Swap.
[   12.578791] systemd[1]: Created slice User and Session Slice.
[[0;32m  OK  [0m] Created slice User and Session Slice.
[   12.580325] systemd[1]: Started Forward Password Requests to Wall Directory Watch.
[[0;32m  OK  [0m] Started Forward Password Requests to Wall Directory Watch.
[   12.582127] systemd[1]: Reached target System Time Synchronized.
[[0;32m  OK  [0m] Reached target System Time Synchronized.
[   12.583702] systemd[1]: Set up automount Arbitrary Executable File Formats File System Automount Point.
[[0;32m  OK  [0m] Set up automount Arbitrary Executab…rmats File System Automount Point.
[   12.586354] systemd[1]: Created slice System Slice.
[[0;32m  OK  [0m] Created slice System Slice.
[[0;32m  OK  [0m] Listening on Journal Socket (/dev/log).
[[0;32m  OK  [0m] Listening on Journal Socket.
[[0;32m  OK  [0m] Listening on Syslog Socket.
[[0;32m  OK  [0m] Listening on LVM2 poll daemon socket.
         Mounting Kernel Debug File System...
         Starting Set the console keyboard layout...
[[0;32m  OK  [0m] Listening on LVM2 metadata daemon socket.
         Mounting Huge Pages File System...
[[0;32m  OK  [0m] Listening on udev Control Socket.
         Starting Load Kernel Modules...
[[0;32m  OK  [0m] Listening on Journal Audit Socket.
[[0;32m  OK  [0m] Listening on Network Service Netlink Socket.
[[0;32m  OK  [0m] Listening on Device-mapper event daemon FIFOs.
         Starting Monitoring of LVM2 mirrors…ng dmeventd or progress polling...
[[0;32m  OK  [0m] Listening on udev Kernel Socket.
         Starting udev Coldplug all Devices...
         Starting Uncomplicated firewall...
[[0;32m  OK  [0m] Reached target Slices.
[[0;32m  OK  [0m] Listening on /dev/initctl Compatibility Named Pipe.
[[0;32m  OK  [0m] Created slice system-serial\x2dgetty.slice.
         Starting Journal Service...
[[0;32m  OK  [0m] Reached target User and Group Name Lookups.
         Starting Create list of required st…ce nodes for the current kernel...
         Mounting POSIX Message Queue File System...
[[0;32m  OK  [0m] Listening on fsck to fsckd communication Socket.
         Starting Remount Root and Kernel File Systems...
[[0;32m  OK  [0m] Mounted Kernel Debug File System.
[[0;32m  OK  [0m] Mounted Huge Pages File System.
[[0;32m  OK  [0m] Mounted POSIX Message Queue File System.
[[0;32m  OK  [0m] Started udev Coldplug all Devices.
[[0;32m  OK  [0m] Started Uncomplicated firewall.
[[0;32m  OK  [0m] Started Create list of required sta…vice nodes for the current kernel.
         Starting Create Static Device Nodes in /dev...
[   13.020244] EXT4-fs (sda1): re-mounted. Opts: (null)
[[0;32m  OK  [0m] Started Journal Service.
[[0;32m  OK  [0m] Started Remount Root and Kernel File Systems.
         Starting Flush Journal to Persistent Storage...
         Starting Load/Save Random Seed...
[   13.094936] Loading iSCSI transport class v2.0-870.
[   13.200144] systemd-journald[415]: Received request to flush runtime journal from PID 1
[[0;32m  OK  [0m] Started Load/Save Random Seed.
[[0;32m  OK  [0m] Started Set the console keyboard layout.
[   13.405285] systemd-journald[415]: File /var/log/journal/db7d2f218bc942b3bb3ed4c5332434f1/system.journal corrupted or uncleanly shut down, renaming and replacing.
[[0;32m  OK  [0m] Started LVM2 metadata daemon.
[   13.531678] iscsi: registered transport (tcp)
[[0;32m  OK  [0m] Started Create Static Device Nodes in /dev.
         Starting udev Kernel Device Manager...
[   13.692513] iscsi: registered transport (iser)
[[0;32m  OK  [0m] Started Load Kernel Modules.
         Starting Apply Kernel Variables...
         Mounting Kernel Configuration File System...
         Mounting FUSE Control File System...
[[0;32m  OK  [0m] Mounted Kernel Configuration File System.
[[0;32m  OK  [0m] Mounted FUSE Control File System.
[[0;32m  OK  [0m] Started udev Kernel Device Manager.
[[0;32m  OK  [0m] Started Dispatch Password Requests to Console Directory Watch.
[[0;32m  OK  [0m] Reached target Local Encrypted Volumes.
[[0;32m  OK  [0m] Started Monitoring of LVM2 mirrors,…sing dmeventd or progress polling.
[[0;32m  OK  [0m] Reached target Local File Systems (Pre).
[[0;32m  OK  [0m] Reached target Local File Systems.
         Starting Set console font and keymap...
         Starting Tell Plymouth To Write Out Runtime Data...
         Starting AppArmor initialization...
         Starting ebtables ruleset management...
[[0;32m  OK  [0m] Started Set console font and keymap.
[[0;32m  OK  [0m] Started Flush Journal to Persistent Storage.
         Starting Create Volatile Files and Directories...
[[0;32m  OK  [0m] Started Tell Plymouth To Write Out Runtime Data.
[[0;32m  OK  [0m] Started Apply Kernel Variables.
[[0;32m  OK  [0m] Found device /dev/ttyS0.
[[0;32m  OK  [0m] Listening on Load/Save RF Kill Switch Status /dev/rfkill Watch.
[[0;32m  OK  [0m] Started Create Volatile Files and Directories.
         Starting Update UTMP about System Boot/Shutdown...
[[0;32m  OK  [0m] Started ebtables ruleset management.
[[0;32m  OK  [0m] Started Update UTMP about System Boot/Shutdown.
[[0;32m  OK  [0m] Started AppArmor initialization.
         Starting Load AppArmor profiles managed internally by snapd...
         Starting Initial cloud-init job (pre-networking)...
[[0;32m  OK  [0m] Started Load AppArmor profiles managed internally by snapd.
[   22.862599] cloud-init[560]: Cloud-init v. 22.2-0ubuntu1~18.04.3 running 'init-local' at Wed, 14 Sep 2022 13:29:07 +0000. Up 22.34 seconds.
[[0;32m  OK  [0m] Started Initial cloud-init job (pre-networking).
[[0;32m  OK  [0m] Reached target Network (Pre).
         Starting Network Service...
[[0;32m  OK  [0m] Started Network Service.
         Starting Network Name Resolution...
         Starting Wait for Network to be Configured...
[[0;32m  OK  [0m] Started Network Name Resolution.
[[0;32m  OK  [0m] Reached target Network.
[[0;32m  OK  [0m] Reached target Host and Network Name Lookups.
[[0;32m  OK  [0m] Started Wait for Network to be Configured.
         Starting Initial cloud-init job (metadata service crawler)...
[   25.753708] cloud-init[678]: Cloud-init v. 22.2-0ubuntu1~18.04.3 running 'init' at Wed, 14 Sep 2022 13:29:10 +0000. Up 25.36 seconds.
[   25.754917] cloud-init[678]: ci-info: ++++++++++++++++++++++++++++++++++++++Net device info+++++++++++++++++++++++++++++++++++++++
[   25.755959] cloud-init[678]: ci-info: +--------+------+-----------------------------+---------------+--------+-------------------+
[   25.757092] cloud-init[678]: ci-info: | Device |  Up  |           Address           |      Mask     | Scope  |     Hw-Address    |
[   25.758749] cloud-init[678]: ci-info: +--------+------+-----------------------------+---------------+--------+-------------------+
[   25.760436] cloud-init[678]: ci-info: | enp0s3 | True |          10.0.2.15          | 255.255.255.0 | global | 02:dd:70:87:b9:65 |
[   25.761730] cloud-init[678]: ci-info: | enp0s3 | True |  fe80::dd:70ff:fe87:b965/64 |       .       |  link  | 02:dd:70:87:b9:65 |
[   25.764485] cloud-init[678]: ci-info: | enp0s8 | True |         192.168.56.3        | 255.255.255.0 | global | 08:00:27:95:77:09 |
[   25.765565] cloud-init[678]: ci-info: | enp0s8 | True | fe80::a00:27ff:fe95:7709/64 |       .       |  link  | 08:00:27:95:77:09 |
[   25.766911] cloud-init[678]: ci-info: |   lo   | True |          127.0.0.1          |   255.0.0.0   |  host  |         .         |
[   25.768349] cloud-init[678]: ci-info: |   lo   | True |           ::1/128           |       .       |  host  |         .         |
[   25.769844] cloud-init[678]: ci-info: +--------+------+-----------------------------+---------------+--------+-------------------+
[   25.770536] cloud-init[678]: ci-info: +++++++++++++++++++++++++++++Route IPv4 info+++++++++++++++++++++++++++++
[   25.771145] cloud-init[678]: ci-info: +-------+--------------+----------+-----------------+-----------+-------+
[   25.772552] cloud-init[678]: ci-info: | Route | Destination  | Gateway  |     Genmask     | Interface | Flags |
[   25.773894] cloud-init[678]: ci-info: +-------+--------------+----------+-----------------+-----------+-------+
[   25.775011] cloud-init[678]: ci-info: |   0   |   0.0.0.0    | 10.0.2.2 |     0.0.0.0     |   enp0s3  |   UG  |
[   25.775953] cloud-init[678]: ci-info: |   1   |   10.0.2.0   | 0.0.0.0  |  255.255.255.0  |   enp0s3  |   U   |
[   25.776948] cloud-init[678]: ci-info: |   2   |   10.0.2.2   | 0.0.0.0  | 255.255.255.255 |   enp0s3  |   UH  |
[   25.777894] cloud-init[678]: ci-info: |   3   | 192.168.56.0 | 0.0.0.0  |  255.255.255.0  |   enp0s8  |   U   |
[   25.778740] cloud-init[678]: ci-info: +-------+--------------+----------+-----------------+-----------+-------+
[   25.779726] cloud-init[678]: ci-info: +++++++++++++++++++Route IPv6 info+++++++++++++++++++
[   25.780519] cloud-init[678]: ci-info: +-------+-------------+---------+-----------+-------+
[   25.781086] cloud-init[678]: ci-info: | Route | Destination | Gateway | Interface | Flags |
[   25.781632] cloud-init[678]: ci-info: +-------+-------------+---------+-----------+-------+
[   25.782249] cloud-init[678]: ci-info: |   1   |  fe80::/64  |    ::   |   enp0s8  |   U   |
[   25.782899] cloud-init[678]: ci-info: |   2   |  fe80::/64  |    ::   |   enp0s3  |   U   |
[   25.783528] cloud-init[678]: ci-info: |   4   |    local    |    ::   |   enp0s3  |   U   |
[   25.784328] cloud-init[678]: ci-info: |   5   |    local    |    ::   |   enp0s8  |   U   |
[   25.785215] cloud-init[678]: ci-info: |   6   |   ff00::/8  |    ::   |   enp0s8  |   U   |
[   25.786166] cloud-init[678]: ci-info: |   7   |   ff00::/8  |    ::   |   enp0s3  |   U   |
[   25.787924] cloud-init[678]: ci-info: +-------+-------------+---------+-----------+-------+
[[0;32m  OK  [0m] Started Initial cloud-init job (metadata service crawler).
[[0;32m  OK  [0m] Reached target Network is Online.
[[0;32m  OK  [0m] Reached target Remote File Systems (Pre).
         Mounting /vagrant...
         Starting Availability of block devices...
[[0;32m  OK  [0m] Reached target System Initialization.
[[0;32m  OK  [0m] Started Message of the Day.
[[0;32m  OK  [0m] Started Ubuntu Advantage Timer for running repeated jobs.
[[0;32m  OK  [0m] Listening on UUID daemon activation socket.
[[0;32m  OK  [0m] Listening on cloud-init hotplug hook socket.
         Starting Socket activation for snappy daemon.
[[0;32m  OK  [0m] Listening on ACPID Listen Socket.
[[0;32m  OK  [0m] Listening on Open-iSCSI iscsid Socket.
[[0;32m  OK  [0m] Started Daily apt download activities.
[[0;32m  OK  [0m] Started Daily apt upgrade and clean activities.
         Starting LXD - unix socket.
[[0;32m  OK  [0m] Listening on D-Bus System Message Bus Socket.
[[0;32m  OK  [0m] Started ACPI Events Check.
[[0;32m  OK  [0m] Reached target Paths.
[[0;32m  OK  [0m] Started Discard unused blocks once a week.
[[0;32m  OK  [0m] Started Daily Cleanup of Temporary Directories.
[[0;32m  OK  [0m] Reached target Timers.
[[0;32m  OK  [0m] Reached target Cloud-config availability.
[[0;32m  OK  [0m] Started Availability of block devices.
[[0;32m  OK  [0m] Listening on Socket activation for snappy daemon.
[[0;32m  OK  [0m] Listening on LXD - unix socket.
[[0;32m  OK  [0m] Reached target Sockets.
[[0;32m  OK  [0m] Reached target Basic System.
[[0;32m  OK  [0m] Started FUSE filesystem for LXC.
         Starting LSB: Record successful boot for GRUB...
[[0;32m  OK  [0m] Started D-Bus System Message Bus.
[[0;32m  OK  [0m] Started irqbalance daemon.
[[0;32m  OK  [0m] Started Deferred execution scheduler.
         Starting Virtualbox guest utils...
         Starting LXD - container startup/shutdown...
         Starting Accounts Service...
         Starting System Logging Service...
         Starting OpenBSD Secure Shell server...
         Starting Snap Daemon...
         Starting Dispatcher daemon for systemd-networkd...
[[0;32m  OK  [0m] Started Regular background program processing daemon.
         Starting Login Service...
[[0;32m  OK  [0m] Mounted /vagrant.
[[0;32m  OK  [0m] Reached target Remote File Systems.
         Starting Permit User Sessions...
         Starting The Apache HTTP Server...
         Starting LSB: automatic crash report generation...
[[0;32m  OK  [0m] Started Permit User Sessions.
         Starting Hold until boot process finishes up...
         Starting Terminate Plymouth Boot Screen...
[[0;32m  OK  [0m] Started Hold until boot process finishes up.
[[0;32m  OK  [0m] Started Serial Getty on ttyS0.
         Starting Set console scheme...
[[0;32m  OK  [0m] Started Terminate Plymouth Boot Screen.
[[0;32m  OK  [0m] Started Login Service.
[[0;32m  OK  [0m] Started Unattended Upgrades Shutdown.
[[0;32m  OK  [0m] Started Set console scheme.
[[0;32m  OK  [0m] Created slice system-getty.slice.
[[0;32m  OK  [0m] Started Getty on tty1.
[[0;32m  OK  [0m] Reached target Login Prompts.
[[0;32m  OK  [0m] Started LSB: automatic crash report generation.
[[0;32m  OK  [0m] Started LSB: Record successful boot for GRUB.
[[0;32m  OK  [0m] Started System Logging Service.
[[0;32m  OK  [0m] Started Virtualbox guest utils.
         Starting Authorization Manager...
[[0;32m  OK  [0m] Started Authorization Manager.
[[0;32m  OK  [0m] Started Accounts Service.

Ubuntu 18.04.6 LTS ubuntu-bionic ttyS0

ubuntu-bionic login: [   47.710096] cloud-init[1462]: Cloud-init v. 22.2-0ubuntu1~18.04.3 running 'modules:config' at Wed, 14 Sep 2022 13:29:32 +0000. Up 47.54 seconds.
[   48.754026] cloud-init[1534]: Cloud-init v. 22.2-0ubuntu1~18.04.3 running 'modules:final' at Wed, 14 Sep 2022 13:29:32 +0000. Up 48.27 seconds.
[   48.754487] cloud-init[1534]: Cloud-init v. 22.2-0ubuntu1~18.04.3 finished at Wed, 14 Sep 2022 13:29:33 +0000. Datasource DataSourceNoCloud [seed=/dev/sdb][dsmode=net].  Up 48.72 seconds
[5708869547.959899] watchdog: BUG: soft lockup - CPU#0 stuck for 47s! [systemd-logind:910]
