[    0.000000] Linux version 4.15.0-192-generic (buildd@lcy02-amd64-029) (gcc version 7.5.0 (Ubuntu 7.5.0-3ubuntu1~18.04)) #203-Ubuntu SMP Wed Aug 10 17:40:03 UTC 2022 (Ubuntu 4.15.0-192.203-generic 4.15.18)
[    0.000000] Command line: BOOT_IMAGE=/boot/vmlinuz-4.15.0-192-generic root=UUID=ceef48b4-cdab-4e8e-9da5-50b9e7caf9df ro console=tty1 console=ttyS0
[    0.000000] KERNEL supported cpus:
[    0.000000]   Intel GenuineIntel
[    0.000000]   AMD AuthenticAMD
[    0.000000]   Centaur CentaurHauls
[    0.000000] [Firmware Bug]: TSC doesn't count with P0 frequency!
[    0.000000] x86/fpu: Supporting XSAVE feature 0x001: 'x87 floating point registers'
[    0.000000] x86/fpu: Supporting XSAVE feature 0x002: 'SSE registers'
[    0.000000] x86/fpu: Supporting XSAVE feature 0x004: 'AVX registers'
[    0.000000] x86/fpu: xstate_offset[2]:  576, xstate_sizes[2]:  256
[    0.000000] x86/fpu: Enabled xstate features 0x7, context size is 832 bytes, using 'standard' format.
[    0.000000] e820: BIOS-provided physical RAM map:
[    0.000000] BIOS-e820: [mem 0x0000000000000000-0x000000000009fbff] usable
[    0.000000] BIOS-e820: [mem 0x000000000009fc00-0x000000000009ffff] reserved
[    0.000000] BIOS-e820: [mem 0x00000000000f0000-0x00000000000fffff] reserved
[    0.000000] BIOS-e820: [mem 0x0000000000100000-0x000000003ffeffff] usable
[    0.000000] BIOS-e820: [mem 0x000000003fff0000-0x000000003fffffff] ACPI data
[    0.000000] BIOS-e820: [mem 0x00000000fec00000-0x00000000fec00fff] reserved
[    0.000000] BIOS-e820: [mem 0x00000000fee00000-0x00000000fee00fff] reserved
[    0.000000] BIOS-e820: [mem 0x00000000fffc0000-0x00000000ffffffff] reserved
[    0.000000] NX (Execute Disable) protection: active
[    0.000000] SMBIOS 2.5 present.
[    0.000000] DMI: innotek GmbH VirtualBox/VirtualBox, BIOS VirtualBox 12/01/2006
[    0.000000] Hypervisor detected: KVM
[    0.000000] e820: last_pfn = 0x3fff0 max_arch_pfn = 0x400000000
[    0.000000] MTRR: Disabled
[    0.000000] x86/PAT: MTRRs disabled, skipping PAT initialization too.
[    0.000000] CPU MTRRs all blank - virtualized system.
[    0.000000] x86/PAT: Configuration [0-7]: WB  WT  UC- UC  WB  WT  UC- UC  
[    0.000000] found SMP MP-table at [mem 0x0009fff0-0x0009ffff]
[    0.000000] Scanning 1 areas for low memory corruption
[    0.000000] RAMDISK: [mem 0x3581d000-0x36c05fff]
[    0.000000] ACPI: Early table checksum verification disabled
[    0.000000] ACPI: RSDP 0x00000000000E0000 000024 (v02 VBOX  )
[    0.000000] ACPI: XSDT 0x000000003FFF0030 00003C (v01 VBOX   VBOXXSDT 00000001 ASL  00000061)
[    0.000000] ACPI: FACP 0x000000003FFF00F0 0000F4 (v04 VBOX   VBOXFACP 00000001 ASL  00000061)
[    0.000000] ACPI: DSDT 0x000000003FFF0470 002325 (v02 VBOX   VBOXBIOS 00000002 INTL 20200925)
[    0.000000] ACPI: FACS 0x000000003FFF0200 000040
[    0.000000] ACPI: FACS 0x000000003FFF0200 000040
[    0.000000] ACPI: APIC 0x000000003FFF0240 00005C (v02 VBOX   VBOXAPIC 00000001 ASL  00000061)
[    0.000000] ACPI: SSDT 0x000000003FFF02A0 0001CC (v01 VBOX   VBOXCPUT 00000002 INTL 20200925)
[    0.000000] ACPI: Reserving FACP table memory at [mem 0x3fff00f0-0x3fff01e3]
[    0.000000] ACPI: Reserving DSDT table memory at [mem 0x3fff0470-0x3fff2794]
[    0.000000] ACPI: Reserving FACS table memory at [mem 0x3fff0200-0x3fff023f]
[    0.000000] ACPI: Reserving FACS table memory at [mem 0x3fff0200-0x3fff023f]
[    0.000000] ACPI: Reserving APIC table memory at [mem 0x3fff0240-0x3fff029b]
[    0.000000] ACPI: Reserving SSDT table memory at [mem 0x3fff02a0-0x3fff046b]
[    0.000000] No NUMA configuration found
[    0.000000] Faking a node at [mem 0x0000000000000000-0x000000003ffeffff]
[    0.000000] NODE_DATA(0) allocated [mem 0x3ffc5000-0x3ffeffff]
[    0.000000] kvm-clock: cpu 0, msr 0:3ff44001, primary cpu clock
[    0.000000] kvm-clock: Using msrs 4b564d01 and 4b564d00
[    0.000000] kvm-clock: using sched offset of 3920691385 cycles
[    0.000000] clocksource: kvm-clock: mask: 0xffffffffffffffff max_cycles: 0x1cd42e4dffb, max_idle_ns: 881590591483 ns
[    0.000000] Zone ranges:
[    0.000000]   DMA      [mem 0x0000000000001000-0x0000000000ffffff]
[    0.000000]   DMA32    [mem 0x0000000001000000-0x000000003ffeffff]
[    0.000000]   Normal   empty
[    0.000000]   Device   empty
[    0.000000] Movable zone start for each node
[    0.000000] Early memory node ranges
[    0.000000]   node   0: [mem 0x0000000000001000-0x000000000009efff]
[    0.000000]   node   0: [mem 0x0000000000100000-0x000000003ffeffff]
[    0.000000] Reserved but unavailable: 104 pages
[    0.000000] Initmem setup node 0 [mem 0x0000000000001000-0x000000003ffeffff]
[    0.000000] ACPI: PM-Timer IO Port: 0x4008
[    0.000000] IOAPIC[0]: apic_id 2, version 32, address 0xfec00000, GSI 0-23
[    0.000000] ACPI: INT_SRC_OVR (bus 0 bus_irq 0 global_irq 2 dfl dfl)
[    0.000000] ACPI: INT_SRC_OVR (bus 0 bus_irq 9 global_irq 9 low level)
[    0.000000] Using ACPI (MADT) for SMP configuration information
[    0.000000] smpboot: Allowing 2 CPUs, 0 hotplug CPUs
[    0.000000] PM: Registered nosave memory: [mem 0x00000000-0x00000fff]
[    0.000000] PM: Registered nosave memory: [mem 0x0009f000-0x0009ffff]
[    0.000000] PM: Registered nosave memory: [mem 0x000a0000-0x000effff]
[    0.000000] PM: Registered nosave memory: [mem 0x000f0000-0x000fffff]
[    0.000000] e820: [mem 0x40000000-0xfebfffff] available for PCI devices
[    0.000000] Booting paravirtualized kernel on KVM
[    0.000000] clocksource: refined-jiffies: mask: 0xffffffff max_cycles: 0xffffffff, max_idle_ns: 7645519600211568 ns
[    0.000000] random: get_random_bytes called from start_kernel+0x99/0x500 with crng_init=0
[    0.000000] setup_percpu: NR_CPUS:8192 nr_cpumask_bits:2 nr_cpu_ids:2 nr_node_ids:1
[    0.000000] percpu: Embedded 50 pages/cpu s167936 r8192 d28672 u1048576
[    0.000000] PV qspinlock hash table entries: 256 (order: 0, 4096 bytes)
[    0.000000] Built 1 zonelists, mobility grouping on.  Total pages: 257913
[    0.000000] Policy zone: DMA32
[    0.000000] Kernel command line: BOOT_IMAGE=/boot/vmlinuz-4.15.0-192-generic root=UUID=ceef48b4-cdab-4e8e-9da5-50b9e7caf9df ro console=tty1 console=ttyS0
[    0.000000] Memory: 981788K/1048120K available (12300K kernel code, 2484K rwdata, 4324K rodata, 2468K init, 2724K bss, 66332K reserved, 0K cma-reserved)
[    0.000000] SLUB: HWalign=64, Order=0-3, MinObjects=0, CPUs=2, Nodes=1
[    0.000000] ftrace: allocating 39482 entries in 155 pages
[    0.004000] Hierarchical RCU implementation.
[    0.004000] 	RCU restricting CPUs from NR_CPUS=8192 to nr_cpu_ids=2.
[    0.004000] 	Tasks RCU enabled.
[    0.004000] RCU: Adjusting geometry for rcu_fanout_leaf=16, nr_cpu_ids=2
[    0.004000] NR_IRQS: 524544, nr_irqs: 440, preallocated irqs: 16
[    0.004000] Console: colour VGA+ 80x25
[    0.004000] console [tty1] enabled
[    0.004000] console [ttyS0] enabled
[    0.004000] ACPI: Core revision 20170831
[    0.004000] ACPI: 2 ACPI AML tables successfully acquired and loaded
[    0.004000] APIC: Switch to symmetric I/O mode setup
[    0.004000] x2apic enabled
[    0.004000] Switched APIC routing to physical x2apic.
[    0.004000] ..TIMER: vector=0x30 apic1=0 pin1=2 apic2=-1 pin2=-1
[    0.004000] tsc: Detected 3231.230 MHz processor
[    0.004000] Calibrating delay loop (skipped) preset value.. 6462.46 BogoMIPS (lpj=12924920)
[    0.004000] pid_max: default: 32768 minimum: 301
[    0.004000] Security Framework initialized
[    0.004000] Yama: becoming mindful.
[    0.004000] AppArmor: AppArmor initialized
[    0.004000] Dentry cache hash table entries: 131072 (order: 8, 1048576 bytes)
[    0.004000] Inode-cache hash table entries: 65536 (order: 7, 524288 bytes)
[    0.004000] Mount-cache hash table entries: 2048 (order: 2, 16384 bytes)
[    0.004000] Mountpoint-cache hash table entries: 2048 (order: 2, 16384 bytes)
[    0.004000] Last level iTLB entries: 4KB 1024, 2MB 1024, 4MB 512
[    0.004000] Last level dTLB entries: 4KB 1536, 2MB 1536, 4MB 768, 1GB 0
[    0.004000] Spectre V1 : Mitigation: usercopy/swapgs barriers and __user pointer sanitization
[    0.004000] Spectre V2 : Mitigation: Retpolines
[    0.004000] Spectre V2 : Spectre v2 / SpectreRSB mitigation: Filling RSB on context switch
[    0.004000] Speculative Store Bypass: Mitigation: Speculative Store Bypass disabled via prctl and seccomp
[    0.004189] Freeing SMP alternatives memory: 36K
[    0.132465] APIC calibration not consistent with PM-Timer: 105ms instead of 100ms
[    0.133610] APIC delta adjusted to PM-Timer: 6435102 (6782822)
[    0.134480] smpboot: CPU0: AMD Ryzen 5 1400 Quad-Core Processor (family: 0x17, model: 0x1, stepping: 0x1)
[    0.135805] Performance Events: PMU not available due to virtualization, using software events only.
[    0.136000] Hierarchical SRCU implementation.
[    0.136000] NMI watchdog: Perf event create on CPU 0 failed with -2
[    0.136002] NMI watchdog: Perf NMI watchdog permanently disabled
[    0.136879] smp: Bringing up secondary CPUs ...
[    0.137635] x86: Booting SMP configuration:
[    0.138252] .... node  #0, CPUs:      #1
[    0.004000] kvm-clock: cpu 1, msr 0:3ff44041, secondary cpu clock
[    0.143583] smp: Brought up 1 node, 2 CPUs
[    0.144006] smpboot: Max logical packages: 1
[    0.144929] smpboot: Total of 2 processors activated (12924.92 BogoMIPS)
[    0.146377] devtmpfs: initialized
[    0.146377] x86/mm: Memory block size: 128MB
[    0.146377] evm: security.selinux
[    0.146883] evm: security.SMACK64
[    0.147991] evm: security.SMACK64EXEC
[    0.152006] evm: security.SMACK64TRANSMUTE
[    0.153315] evm: security.SMACK64MMAP
[    0.154376] evm: security.apparmor
[    0.155371] evm: security.ima
[    0.156005] evm: security.capability
[    0.157011] clocksource: jiffies: mask: 0xffffffff max_cycles: 0xffffffff, max_idle_ns: 7645041785100000 ns
[    0.160023] futex hash table entries: 512 (order: 3, 32768 bytes)
[    0.160053] pinctrl core: initialized pinctrl subsystem
[    0.161820] RTC time: 10:32:43, date: 09/14/22
[    0.163371] NET: Registered protocol family 16
[    0.168229] audit: initializing netlink subsys (disabled)
[    0.169906] audit: type=2000 audit(1663151568.248:1): state=initialized audit_enabled=0 res=1
[    0.172028] cpuidle: using governor ladder
[    0.173258] cpuidle: using governor menu
[    0.176160] ACPI: bus type PCI registered
[    0.177329] acpiphp: ACPI Hot Plug PCI Controller Driver version: 0.5
[    0.179101] PCI: Using configuration type 1 for base access
[    0.180013] PCI: Using configuration type 1 for extended access
[    0.184104] HugeTLB registered 2.00 MiB page size, pre-allocated 0 pages
[    0.188214] ACPI: Added _OSI(Module Device)
[    0.189619] ACPI: Added _OSI(Processor Device)
[    0.190914] ACPI: Added _OSI(3.0 _SCP Extensions)
[    0.192010] ACPI: Added _OSI(Processor Aggregator Device)
[    0.193466] ACPI: Added _OSI(Linux-Dell-Video)
[    0.194688] ACPI: Added _OSI(Linux-Lenovo-NV-HDMI-Audio)
[    0.196007] ACPI: Added _OSI(Linux-HPI-Hybrid-Graphics)
[    0.197845] ACPI: Executed 1 blocks of module-level executable AML code
[    0.202974] ACPI: Interpreter enabled
[    0.204000] ACPI: (supports S0 S5)
[    0.208007] ACPI: Using IOAPIC for interrupt routing
[    0.210040] PCI: Using host bridge windows from ACPI; if necessary, use "pci=nocrs" and report a bug
[    0.212381] ACPI: Enabled 2 GPEs in block 00 to 07
[    0.223572] ACPI: PCI Root Bridge [PCI0] (domain 0000 [bus 00-ff])
[    0.228010] acpi PNP0A03:00: _OSC: OS supports [ExtendedConfig ASPM ClockPM Segments MSI]
[    0.230188] acpi PNP0A03:00: _OSC: platform does not support [PCIeCapability]
[    0.232558] acpi PNP0A03:00: _OSC: not requesting control; platform does not support [PCIeCapability]
[    0.233737] acpi PNP0A03:00: _OSC: OS requested [PCIeHotplug PME AER PCIeCapability]
[    0.235191] acpi PNP0A03:00: _OSC: platform willing to grant [PCIeHotplug PME AER]
[    0.236000] acpi PNP0A03:00: _OSC failed (AE_SUPPORT); disabling ASPM
[    0.236284] PCI host bridge to bus 0000:00
[    0.236809] pci_bus 0000:00: root bus resource [io  0x0000-0x0cf7 window]
[    0.237598] pci_bus 0000:00: root bus resource [io  0x0d00-0xffff window]
[    0.238395] pci_bus 0000:00: root bus resource [mem 0x000a0000-0x000bffff window]
[    0.239303] pci_bus 0000:00: root bus resource [mem 0x40000000-0xfdffffff window]
[    0.240003] pci_bus 0000:00: root bus resource [bus 00-ff]
[    0.241818] pci 0000:00:01.1: legacy IDE quirk: reg 0x10: [io  0x01f0-0x01f7]
[    0.242709] pci 0000:00:01.1: legacy IDE quirk: reg 0x14: [io  0x03f6]
[    0.244003] pci 0000:00:01.1: legacy IDE quirk: reg 0x18: [io  0x0170-0x0177]
[    0.244845] pci 0000:00:01.1: legacy IDE quirk: reg 0x1c: [io  0x0376]
[    0.256076] pci 0000:00:07.0: quirk: [io  0x4000-0x403f] claimed by PIIX4 ACPI
[    0.257127] pci 0000:00:07.0: quirk: [io  0x4100-0x410f] claimed by PIIX4 SMB
[    0.266741] ACPI: PCI Interrupt Link [LNKA] (IRQs 5 9 10 *11)
[    0.267949] ACPI: PCI Interrupt Link [LNKB] (IRQs 5 9 *10 11)
[    0.272103] ACPI: PCI Interrupt Link [LNKC] (IRQs 5 *9 10 11)
[    0.273040] ACPI: PCI Interrupt Link [LNKD] (IRQs 5 9 10 *11)
[    0.274265] SCSI subsystem initialized
[    0.276039] pci 0000:00:02.0: vgaarb: setting as boot VGA device
[    0.276900] pci 0000:00:02.0: vgaarb: VGA device added: decodes=io+mem,owns=io+mem,locks=none
[    0.278085] pci 0000:00:02.0: vgaarb: bridge control possible
[    0.278876] vgaarb: loaded
[    0.279343] ACPI: bus type USB registered
[    0.280024] usbcore: registered new interface driver usbfs
[    0.280795] usbcore: registered new interface driver hub
[    0.281654] usbcore: registered new device driver usb
[    0.282392] EDAC MC: Ver: 3.0.0
[    0.284037] PCI: Using ACPI for IRQ routing
[    0.285062] NetLabel: Initializing
[    0.285808] NetLabel:  domain hash size = 128
[    0.286618] NetLabel:  protocols = UNLABELED CIPSOv4 CALIPSO
[    0.288008] NetLabel:  unlabeled traffic allowed by default
[    0.289095] clocksource: Switched to clocksource kvm-clock
[    0.300302] VFS: Disk quotas dquot_6.6.0
[    0.301163] VFS: Dquot-cache hash table entries: 512 (order 0, 4096 bytes)
[    0.302307] AppArmor: AppArmor Filesystem Enabled
[    0.303009] pnp: PnP ACPI init
[    0.304474] pnp: PnP ACPI: found 3 devices
[    0.313848] clocksource: acpi_pm: mask: 0xffffff max_cycles: 0xffffff, max_idle_ns: 2085701024 ns
[    0.315114] NET: Registered protocol family 2
[    0.316317] IP idents hash table entries: 16384 (order: 5, 131072 bytes)
[    0.317335] TCP established hash table entries: 8192 (order: 4, 65536 bytes)
[    0.318215] TCP bind hash table entries: 8192 (order: 5, 131072 bytes)
[    0.319034] TCP: Hash tables configured (established 8192 bind 8192)
[    0.319917] UDP hash table entries: 512 (order: 2, 16384 bytes)
[    0.320629] UDP-Lite hash table entries: 512 (order: 2, 16384 bytes)
[    0.321436] NET: Registered protocol family 1
[    0.321994] pci 0000:00:00.0: Limiting direct PCI/PCI transfers
[    0.322714] pci 0000:00:01.0: Activating ISA DMA hang workarounds
[    0.323464] pci 0000:00:02.0: Video device with shadowed ROM at [mem 0x000c0000-0x000dffff]
[    0.324634] Unpacking initramfs...
[    0.641851] Freeing initrd memory: 20388K
[    0.643012] clocksource: tsc: mask: 0xffffffffffffffff max_cycles: 0x2e938836ebc, max_idle_ns: 440795334466 ns
[    0.645087] platform rtc_cmos: registered platform RTC device (no PNP device found)
[    0.646526] Scanning for low memory corruption every 60 seconds
[    0.648492] Initialise system trusted keyrings
[    0.649376] Key type blacklist registered
[    0.650263] workingset: timestamp_bits=36 max_order=18 bucket_order=0
[    0.652892] zbud: loaded
[    0.654464] squashfs: version 4.0 (2009/01/31) Phillip Lougher
[    0.655816] fuse init (API version 7.26)
[    0.659947] Key type asymmetric registered
[    0.660624] Asymmetric key parser 'x509' registered
[    0.661429] Block layer SCSI generic (bsg) driver version 0.4 loaded (major 246)
[    0.662676] io scheduler noop registered
[    0.663354] io scheduler deadline registered
[    0.664116] io scheduler cfq registered (default)
[    0.665235] ACPI: AC Adapter [AC] (on-line)
[    0.665956] input: Power Button as /devices/LNXSYSTM:00/LNXPWRBN:00/input/input0
[    0.667147] ACPI: Power Button [PWRF]
[    0.667764] input: Sleep Button as /devices/LNXSYSTM:00/LNXSLPBN:00/input/input1
[    0.668902] ACPI: Sleep Button [SLPF]
[    0.669854] Serial: 8250/16550 driver, 32 ports, IRQ sharing enabled
[    0.691684] 00:02: ttyS0 at I/O 0x3f8 (irq = 4, base_baud = 115200) is a 16550A
[    0.695797] Linux agpgart interface v0.103
[    0.698091] loop: module loaded
[    0.699228] scsi host0: ata_piix
[    0.700000] scsi host1: ata_piix
[    0.700658] ata1: PATA max UDMA/33 cmd 0x1f0 ctl 0x3f6 bmdma 0xd000 irq 14
[    0.701939] ata2: PATA max UDMA/33 cmd 0x170 ctl 0x376 bmdma 0xd008 irq 15
[    0.703444] tun: Universal TUN/TAP device driver, 1.6
[    0.704498] PPP generic driver version 2.4.2
[    0.705413] ehci_hcd: USB 2.0 'Enhanced' Host Controller (EHCI) Driver
[    0.706639] ehci-pci: EHCI PCI platform driver
[    0.707473] ehci-platform: EHCI generic platform driver
[    0.708512] ohci_hcd: USB 1.1 'Open' Host Controller (OHCI) Driver
[    0.709686] ohci-pci: OHCI PCI platform driver
[    0.710579] ohci-platform: OHCI generic platform driver
[    0.711619] uhci_hcd: USB Universal Host Controller Interface driver
[    0.712908] i8042: PNP: PS/2 Controller [PNP0303:PS2K,PNP0f03:PS2M] at 0x60,0x64 irq 1,12
[    0.714838] serio: i8042 KBD port at 0x60,0x64 irq 1
[    0.715648] serio: i8042 AUX port at 0x60,0x64 irq 12
[    0.716691] mousedev: PS/2 mouse device common for all mice
[    0.717872] input: AT Translated Set 2 keyboard as /devices/platform/i8042/serio0/input/input2
[    0.719545] rtc_cmos rtc_cmos: rtc core: registered rtc_cmos as rtc0
[    0.720591] rtc_cmos rtc_cmos: alarms up to one day, 114 bytes nvram
[    0.721503] i2c /dev entries driver
[    0.722165] device-mapper: uevent: version 1.0.3
[    0.723031] device-mapper: ioctl: 4.37.0-ioctl (2017-09-20) initialised: dm-devel@redhat.com
[    0.724368] ledtrig-cpu: registered to indicate activity on CPUs
[    0.725854] NET: Registered protocol family 10
[    0.730349] Segment Routing with IPv6
[    0.731003] NET: Registered protocol family 17
[    0.731766] Key type dns_resolver registered
[    0.732718] mce: Using 0 MCE banks
[    0.733282] RAS: Correctable Errors collector initialized.
[    0.734194] sched_clock: Marking stable (732690414, 0)->(904609493, -171919079)
[    0.735832] registered taskstats version 1
[    0.736581] Loading compiled-in X.509 certificates
[    0.739618] Loaded X.509 cert 'Build time autogenerated kernel key: af04d57e94487e4500da7630f19b69a59e91d95a'
[    0.741639] Loaded X.509 cert 'Canonical Ltd. Live Patch Signing: 14df34d1a87cf37625abec039ef2bf521249b969'
[    0.743561] Loaded X.509 cert 'Canonical Ltd. Kernel Module Signing: 88f752e560a1e0737e31163a466ad7b70a850c19'
[    0.745039] blacklist: Loading compiled-in revocation X.509 certificates
[    0.746092] Loaded X.509 cert 'Canonical Ltd. Secure Boot Signing: 61482aa2830d0ab2ad5af10b7250da9033ddcef0'
[    0.747571] zswap: loaded using pool lzo/zbud
[    0.751674] Key type big_key registered
[    0.752365] Key type trusted registered
[    0.754561] Key type encrypted registered
[    0.755215] AppArmor: AppArmor sha1 policy hashing enabled
[    0.756076] ima: No TPM chip found, activating TPM-bypass! (rc=-19)
[    0.757109] ima: Allocated hash algorithm: sha1
[    0.757899] evm: HMAC attrs: 0x1
[    0.758641]   Magic number: 6:607:527
[    0.759342] rtc_cmos rtc_cmos: setting system clock to 2022-09-14 10:32:43 UTC (1663151563)
[    0.760846] BIOS EDD facility v0.16 2004-Jun-25, 0 devices found
[    0.761735] EDD information not available.
[    0.886561] Freeing unused kernel image memory: 2468K
[    1.144672] Write protecting the kernel read-only data: 20480k
[    1.147309] Freeing unused kernel image memory: 2008K
[    1.149088] Freeing unused kernel image memory: 1820K
[    1.168994] x86/mm: Checked W+X mappings: passed, no W+X pages found.
Loading, please wait...
starting version 237
[    1.250959] Fusion MPT base driver 3.04.20
[    1.251847] Copyright (c) 1999-2008 LSI Corporation
[    1.256652] e1000: Intel(R) PRO/1000 Network Driver - version 7.3.21-k8-NAPI
[    1.258265] e1000: Copyright (c) 1999-2006 Intel Corporation.
[    1.264341] Fusion MPT SPI Host driver 3.04.20
[    1.277907] AVX2 version of gcm_enc/dec engaged.
[    1.278767] AES CTR mode by8 optimization enabled
[    1.477778] input: ImExPS/2 Generic Explorer Mouse as /devices/platform/i8042/serio1/input/input4
[    1.672354] e1000 0000:00:03.0 eth0: (PCI:33MHz:32-bit) 02:dd:70:87:b9:65
[    1.673287] e1000 0000:00:03.0 eth0: Intel(R) PRO/1000 Network Connection
[    2.343249] e1000 0000:00:08.0 eth1: (PCI:33MHz:32-bit) 08:00:27:67:9a:e1
[    2.344437] e1000 0000:00:08.0 eth1: Intel(R) PRO/1000 Network Connection
[    2.347223] e1000 0000:00:03.0 enp0s3: renamed from eth0
[    2.348345] mptbase: ioc0: Initiating bringup
[    2.360854] e1000 0000:00:08.0 enp0s8: renamed from eth1
[    2.696720] ioc0: LSI53C1030 A0: Capabilities={Initiator}
[    3.812357] scsi host2: ioc0: LSI53C1030 A0, FwRev=00000000h, Ports=1, MaxQ=256, IRQ=20
[    4.289161] scsi 2:0:0:0: Direct-Access     VBOX     HARDDISK         1.0  PQ: 0 ANSI: 5
[    4.332119] scsi target2:0:0: Beginning Domain Validation
[    4.335410] scsi target2:0:0: Domain Validation skipping write tests
[    4.337065] scsi target2:0:0: Ending Domain Validation
[    4.338426] scsi target2:0:0: asynchronous
[    4.340137] scsi 2:0:1:0: Direct-Access     VBOX     HARDDISK         1.0  PQ: 0 ANSI: 5
[    4.692152] scsi target2:0:1: Beginning Domain Validation
[    4.695178] random: fast init done
[    4.696393] scsi target2:0:1: Domain Validation skipping write tests
[    4.698137] scsi target2:0:1: Ending Domain Validation
[    4.699695] scsi target2:0:1: asynchronous
[    4.706883] random: systemd-udevd: uninitialized urandom read (16 bytes read)
[    4.706978] sd 2:0:0:0: Attached scsi generic sg0 type 0
[    4.709433] random: systemd-udevd: uninitialized urandom read (16 bytes read)
[    4.711337] sd 2:0:1:0: Attached scsi generic sg1 type 0
[    4.713304] random: systemd-udevd: uninitialized urandom read (16 bytes read)
[    4.715256] sd 2:0:1:0: [sdb] 20480 512-byte logical blocks: (10.5 MB/10.0 MiB)
[    4.719669] sd 2:0:1:0: [sdb] Write Protect is off
[    4.721249] sd 2:0:0:0: [sda] 83886080 512-byte logical blocks: (42.9 GB/40.0 GiB)
[    4.721372] sd 2:0:1:0: [sdb] Incomplete mode parameter data
[    4.725572] sd 2:0:1:0: [sdb] Assuming drive cache: write through
[    4.725646] sd 2:0:0:0: [sda] Write Protect is off
[    4.729359] sd 2:0:0:0: [sda] Incomplete mode parameter data
[    4.730943] sd 2:0:0:0: [sda] Assuming drive cache: write through
[    4.765714]  sda: sda1
[    4.767402] sd 2:0:0:0: [sda] Attached SCSI disk
[    4.774518] sd 2:0:1:0: [sdb] Attached SCSI disk
Begin: Loading essential drivers ... [    6.316103] raid6: sse2x1   gen()  5876 MB/s
[    6.364105] raid6: sse2x1   xor()  6499 MB/s
[    6.412111] raid6: sse2x2   gen() 13160 MB/s
[    6.460168] raid6: sse2x2   xor()  8869 MB/s
[    6.508145] raid6: sse2x4   gen() 13939 MB/s
[    6.556170] raid6: sse2x4   xor()  7322 MB/s
[    6.604126] raid6: avx2x1   gen() 14427 MB/s
[    6.652114] raid6: avx2x1   xor() 11456 MB/s
[    6.700144] raid6: avx2x2   gen() 19574 MB/s
[    6.748104] raid6: avx2x2   xor() 11801 MB/s
[    6.796116] raid6: avx2x4   gen() 20341 MB/s
[    6.844150] raid6: avx2x4   xor() 10657 MB/s
[    6.844681] raid6: using algorithm avx2x4 gen() 20341 MB/s
[    6.845149] raid6: .... xor() 10657 MB/s, rmw enabled
[    6.845582] raid6: using avx2x2 recovery algorithm
[    6.847336] xor: automatically using best checksumming function   avx       
[    6.849066] async_tx: api initialized (async)
done.
Begin: Running /scripts/init-premount ... done.
Begin: Mounting root file system ... Begin: Running /scripts/local-top ... done.
Begin: Running /scripts/local-premount ... [    6.909036] Btrfs loaded, crc32c=crc32c-intel
Scanning for Btrfs filesystems
done.
Begin: Will now check root file system ... fsck from util-linux 2.31.1
[/sbin/fsck.ext4 (1) -- /dev/sda1] fsck.ext4 -a -C0 /dev/sda1 
cloudimg-rootfs: clean, 99562/5120000 files, 753007/10485499 blocks
done.
[    7.003352] EXT4-fs (sda1): mounted filesystem with ordered data mode. Opts: (null)
done.
Begin: Running /scripts/local-bottom ... done.
Begin: Running /scripts/init-bottom ... done.
[    8.466301] ip_tables: (C) 2000-2006 Netfilter Core Team
[    8.604158] systemd[1]: systemd 237 running in system mode. (+PAM +AUDIT +SELINUX +IMA +APPARMOR +SMACK +SYSVINIT +UTMP +LIBCRYPTSETUP +GCRYPT +GNUTLS +ACL +XZ +LZ4 +SECCOMP +BLKID +ELFUTILS +KMOD -IDN2 +IDN -PCRE2 default-hierarchy=hybrid)
[    8.609502] systemd[1]: Detected virtualization oracle.
[    8.610841] systemd[1]: Detected architecture x86-64.

Welcome to [1mUbuntu 18.04.6 LTS[0m!

[    8.652397] systemd[1]: Set hostname to <ubuntu-bionic>.
[    9.226909] random: crng init done
[    9.227575] random: 7 urandom warning(s) missed due to ratelimiting
[   10.746070] systemd[1]: Created slice User and Session Slice.
[[0;32m  OK  [0m] Created slice User and Session Slice.
[   10.747621] systemd[1]: Reached target System Time Synchronized.
[[0;32m  OK  [0m] Reached target System Time Synchronized.
[   10.749219] systemd[1]: Started Forward Password Requests to Wall Directory Watch.
[[0;32m  OK  [0m] Started Forward Password Requests to Wall Directory Watch.
[   10.751547] systemd[1]: Set up automount Arbitrary Executable File Formats File System Automount Point.
[[0;32m  OK  [0m] Set up automount Arbitrary Executab…rmats File System Automount Point.
[   10.753583] systemd[1]: Reached target Swap.
[[0;32m  OK  [0m] Reached target Swap.
[   10.754702] systemd[1]: Reached target User and Group Name Lookups.
[[0;32m  OK  [0m] Reached target User and Group Name Lookups.
[[0;32m  OK  [0m] Created slice System Slice.
[[0;32m  OK  [0m] Listening on Journal Audit Socket.
[[0;32m  OK  [0m] Listening on LVM2 poll daemon socket.
[[0;32m  OK  [0m] Listening on Journal Socket.
         Starting Uncomplicated firewall...
[[0;32m  OK  [0m] Listening on fsck to fsckd communication Socket.
[[0;32m  OK  [0m] Listening on Device-mapper event daemon FIFOs.
[[0;32m  OK  [0m] Listening on udev Control Socket.
         Mounting Kernel Debug File System...
[[0;32m  OK  [0m] Created slice system-serial\x2dgetty.slice.
[[0;32m  OK  [0m] Reached target Slices.
         Starting Set the console keyboard layout...
[[0;32m  OK  [0m] Listening on udev Kernel Socket.
         Starting udev Coldplug all Devices...
         Starting Create list of required st…ce nodes for the current kernel...
[[0;32m  OK  [0m] Listening on LVM2 metadata daemon socket.
[[0;32m  OK  [0m] Listening on Journal Socket (/dev/log).
         Mounting Huge Pages File System...
         Starting Monitoring of LVM2 mirrors…ng dmeventd or progress polling...
[[0;32m  OK  [0m] Listening on Network Service Netlink Socket.
         Starting Load Kernel Modules...
[[0;32m  OK  [0m] Listening on Syslog Socket.
         Starting Journal Service...
         Starting Remount Root and Kernel File Systems...
         Mounting POSIX Message Queue File System...
[[0;32m  OK  [0m] Listening on /dev/initctl Compatibility Named Pipe.
[[0;32m  OK  [0m] Mounted Kernel Debug File System.
[[0;32m  OK  [0m] Mounted Huge Pages File System.
[[0;32m  OK  [0m] Mounted POSIX Message Queue File System.
[[0;32m  OK  [0m] Started Uncomplicated firewall.
[[0;32m  OK  [0m] Started udev Coldplug all Devices.
[[0;32m  OK  [0m] Started Create list of required sta…vice nodes for the current kernel.
         Starting Create Static Device Nodes in /dev...
[[0;32m  OK  [0m] Started Journal Service.
[   11.307816] Loading iSCSI transport class v2.0-870.
[   11.343400] EXT4-fs (sda1): re-mounted. Opts: (null)
[[0;32m  OK  [0m] Started Remount Root and Kernel File Systems.
         Starting Flush Journal to Persistent Storage...
[   11.531559] iscsi: registered transport (tcp)
         Starting Load/Save Random Seed...
[[0;32m  OK  [0m] Started LVM2 metadata daemon.
[   11.662295] systemd-journald[424]: Received request to flush runtime journal from PID 1
[[0;32m  OK  [0m] Started Set the console keyboard layout.
[[0;32m  OK  [0m] Started Load/Save Random Seed.
[[0;32m  OK  [0m] Started Create Static Device Nodes in /dev.
         Starting udev Kernel Device Manager...
[   12.022794] iscsi: registered transport (iser)
[[0;32m  OK  [0m] Started Load Kernel Modules.
         Starting Apply Kernel Variables...
         Mounting FUSE Control File System...
         Mounting Kernel Configuration File System...
[[0;32m  OK  [0m] Mounted FUSE Control File System.
[[0;32m  OK  [0m] Mounted Kernel Configuration File System.
[[0;32m  OK  [0m] Started Monitoring of LVM2 mirrors,…sing dmeventd or progress polling.
[[0;32m  OK  [0m] Reached target Local File Systems (Pre).
[[0;32m  OK  [0m] Reached target Local File Systems.
         Starting Set console font and keymap...
         Starting Tell Plymouth To Write Out Runtime Data...
         Starting ebtables ruleset management...
         Starting AppArmor initialization...
[[0;32m  OK  [0m] Started Set console font and keymap.
[[0;32m  OK  [0m] Started Tell Plymouth To Write Out Runtime Data.
[[0;32m  OK  [0m] Started Apply Kernel Variables.
[[0;32m  OK  [0m] Started udev Kernel Device Manager.
[[0;32m  OK  [0m] Started Dispatch Password Requests to Console Directory Watch.
[[0;32m  OK  [0m] Reached target Local Encrypted Volumes.
[[0;32m  OK  [0m] Found device /dev/ttyS0.
[[0;32m  OK  [0m] Started ebtables ruleset management.
[[0;32m  OK  [0m] Listening on Load/Save RF Kill Switch Status /dev/rfkill Watch.
[[0;32m  OK  [0m] Started Flush Journal to Persistent Storage.
         Starting Create Volatile Files and Directories...
[[0;32m  OK  [0m] Started Create Volatile Files and Directories.
         Starting Update UTMP about System Boot/Shutdown...
[[0;32m  OK  [0m] Started Update UTMP about System Boot/Shutdown.
[[0;32m  OK  [0m] Started AppArmor initialization.
         Starting Initial cloud-init job (pre-networking)...
         Starting Load AppArmor profiles managed internally by snapd...
[[0;32m  OK  [0m] Started Load AppArmor profiles managed internally by snapd.
[   23.700370] cloud-init[566]: Cloud-init v. 22.2-0ubuntu1~18.04.3 running 'init-local' at Wed, 14 Sep 2022 10:33:05 +0000. Up 22.65 seconds.
[[0;32m  OK  [0m] Started Initial cloud-init job (pre-networking).
[[0;32m  OK  [0m] Reached target Network (Pre).
         Starting Network Service...
[[0;32m  OK  [0m] Started Network Service.
         Starting Network Name Resolution...
         Starting Wait for Network to be Configured...
[[0;32m  OK  [0m] Started Network Name Resolution.
[[0;32m  OK  [0m] Reached target Network.
[[0;32m  OK  [0m] Reached target Host and Network Name Lookups.
[[0;32m  OK  [0m] Started Wait for Network to be Configured.
         Starting Initial cloud-init job (metadata service crawler)...
[   26.240421] cloud-init[686]: Cloud-init v. 22.2-0ubuntu1~18.04.3 running 'init' at Wed, 14 Sep 2022 10:33:08 +0000. Up 26.02 seconds.
[   26.242219] cloud-init[686]: ci-info: ++++++++++++++++++++++++++++++++++++++Net device info+++++++++++++++++++++++++++++++++++++++
[   26.243662] cloud-init[686]: ci-info: +--------+------+-----------------------------+---------------+--------+-------------------+
[   26.245608] cloud-init[686]: ci-info: | Device |  Up  |           Address           |      Mask     | Scope  |     Hw-Address    |
[   26.246588] cloud-init[686]: ci-info: +--------+------+-----------------------------+---------------+--------+-------------------+
[   26.247513] cloud-init[686]: ci-info: | enp0s3 | True |          10.0.2.15          | 255.255.255.0 | global | 02:dd:70:87:b9:65 |
[   26.248498] cloud-init[686]: ci-info: | enp0s3 | True |  fe80::dd:70ff:fe87:b965/64 |       .       |  link  | 02:dd:70:87:b9:65 |
[   26.249486] cloud-init[686]: ci-info: | enp0s8 | True |         192.168.56.0        | 255.255.255.0 | global | 08:00:27:67:9a:e1 |
[   26.250238] cloud-init[686]: ci-info: | enp0s8 | True | fe80::a00:27ff:fe67:9ae1/64 |       .       |  link  | 08:00:27:67:9a:e1 |
[   26.250934] cloud-init[686]: ci-info: |   lo   | True |          127.0.0.1          |   255.0.0.0   |  host  |         .         |
[   26.251779] cloud-init[686]: ci-info: |   lo   | True |           ::1/128           |       .       |  host  |         .         |
[   26.252973] cloud-init[686]: ci-info: +--------+------+-----------------------------+---------------+--------+-------------------+
[   26.253995] cloud-init[686]: ci-info: +++++++++++++++++++++++++++++Route IPv4 info+++++++++++++++++++++++++++++
[   26.254965] cloud-init[686]: ci-info: +-------+--------------+----------+-----------------+-----------+-------+
[   26.255838] cloud-init[686]: ci-info: | Route | Destination  | Gateway  |     Genmask     | Interface | Flags |
[   26.256876] cloud-init[686]: ci-info: +-------+--------------+----------+-----------------+-----------+-------+
[   26.257775] cloud-init[686]: ci-info: |   0   |   0.0.0.0    | 10.0.2.2 |     0.0.0.0     |   enp0s3  |   UG  |
[   26.258667] cloud-init[686]: ci-info: |   1   |   10.0.2.0   | 0.0.0.0  |  255.255.255.0  |   enp0s3  |   U   |
[   26.259497] cloud-init[686]: ci-info: |   2   |   10.0.2.2   | 0.0.0.0  | 255.255.255.255 |   enp0s3  |   UH  |
[   26.260431] cloud-init[686]: ci-info: |   3   | 192.168.56.0 | 0.0.0.0  |  255.255.255.0  |   enp0s8  |   U   |
[   26.261604] cloud-init[686]: ci-info: +-------+--------------+----------+-----------------+-----------+-------+
[   26.262703] cloud-init[686]: ci-info: +++++++++++++++++++Route IPv6 info+++++++++++++++++++
[   26.263721] cloud-init[686]: ci-info: +-------+-------------+---------+-----------+-------+
[   26.264441] cloud-init[686]: ci-info: | Route | Destination | Gateway | Interface | Flags |
[   26.265032] cloud-init[686]: ci-info: +-------+-------------+---------+-----------+-------+
[   26.265734] cloud-init[686]: ci-info: |   1   |  fe80::/64  |    ::   |   enp0s8  |   U   |
[   26.266517] cloud-init[686]: ci-info: |   2   |  fe80::/64  |    ::   |   enp0s3  |   U   |
[   26.267272] cloud-init[686]: ci-info: |   4   |    local    |    ::   |   enp0s3  |   U   |
[   26.268021] cloud-init[686]: ci-info: |   5   |    local    |    ::   |   enp0s8  |   U   |
[   26.268880] cloud-init[686]: ci-info: |   6   |   ff00::/8  |    ::   |   enp0s8  |   U   |
[   26.269703] cloud-init[686]: ci-info: |   7   |   ff00::/8  |    ::   |   enp0s3  |   U   |
[   26.270453] cloud-init[686]: ci-info: +-------+-------------+---------+-----------+-------+
[[0;32m  OK  [0m] Started Initial cloud-init job (metadata service crawler).
[[0;32m  OK  [0m] Reached target Cloud-config availability.
[[0;32m  OK  [0m] Reached target Network is Online.
         Starting Availability of block devices...
[[0;32m  OK  [0m] Reached target Remote File Systems (Pre).
         Mounting /vagrant...
[[0;32m  OK  [0m] Reached target System Initialization.
[[0;32m  OK  [0m] Listening on UUID daemon activation socket.
[[0;32m  OK  [0m] Listening on cloud-init hotplug hook socket.
[[0;32m  OK  [0m] Listening on Open-iSCSI iscsid Socket.
[[0;32m  OK  [0m] Listening on ACPID Listen Socket.
[[0;32m  OK  [0m] Started ACPI Events Check.
[[0;32m  OK  [0m] Reached target Paths.
[[0;32m  OK  [0m] Started Daily Cleanup of Temporary Directories.
[[0;32m  OK  [0m] Started Discard unused blocks once a week.
[[0;32m  OK  [0m] Started Message of the Day.
[[0;32m  OK  [0m] Started Daily apt download activities.
[[0;32m  OK  [0m] Listening on D-Bus System Message Bus Socket.
[[0;32m  OK  [0m] Started Ubuntu Advantage Timer for running repeated jobs.
         Starting LXD - unix socket.
[[0;32m  OK  [0m] Started Daily apt upgrade and clean activities.
[[0;32m  OK  [0m] Reached target Timers.
         Starting Socket activation for snappy daemon.
[[0;32m  OK  [0m] Started Availability of block devices.
[[0;32m  OK  [0m] Listening on LXD - unix socket.
[[0;32m  OK  [0m] Listening on Socket activation for snappy daemon.
[[0;32m  OK  [0m] Reached target Sockets.
[[0;32m  OK  [0m] Reached target Basic System.
[[0;32m  OK  [0m] Started Regular background program processing daemon.
         Starting Virtualbox guest utils...
[[0;32m  OK  [0m] Started irqbalance daemon.
         Starting Message of the Day...
         Starting Login Service...
         Starting Snap Daemon...
[[0;32m  OK  [0m] Started Deferred execution scheduler.
         Starting System Logging Service...
[[0;32m  OK  [0m] Started D-Bus System Message Bus.
         Starting OpenBSD Secure Shell server...
         Starting Accounts Service...
[[0;32m  OK  [0m] Started FUSE filesystem for LXC.
         Starting Dispatcher daemon for systemd-networkd...
         Starting LSB: Record successful boot for GRUB...
         Starting Discard unused blocks...
         Starting LXD - container startup/shutdown...
[[0;32m  OK  [0m] Started System Logging Service.
[[0;32m  OK  [0m] Mounted /vagrant.
[[0;32m  OK  [0m] Started Login Service.
[[0;32m  OK  [0m] Started Unattended Upgrades Shutdown.
[[0;32m  OK  [0m] Reached target Remote File Systems.
         Starting LSB: automatic crash report generation...
         Starting The Apache HTTP Server...
         Starting Permit User Sessions...
[[0;32m  OK  [0m] Started Discard unused blocks.
[[0;32m  OK  [0m] Started Permit User Sessions.
         Starting Hold until boot process finishes up...
         Starting Terminate Plymouth Boot Screen...
[[0;32m  OK  [0m] Started Hold until boot process finishes up.
         Starting Set console scheme...
[[0;32m  OK  [0m] Started Serial Getty on ttyS0.
[[0;32m  OK  [0m] Started Terminate Plymouth Boot Screen.
[[0;32m  OK  [0m] Started LSB: automatic crash report generation.
[[0;32m  OK  [0m] Started Set console scheme.
[[0;32m  OK  [0m] Started LSB: Record successful boot for GRUB.
[[0;32m  OK  [0m] Created slice system-getty.slice.
[[0;32m  OK  [0m] Started Getty on tty1.
[[0;32m  OK  [0m] Reached target Login Prompts.
[[0;32m  OK  [0m] Started Virtualbox guest utils.
         Starting Authorization Manager...
[[0;32m  OK  [0m] Started OpenBSD Secure Shell server.
[[0;32m  OK  [0m] Started Dispatcher daemon for systemd-networkd.
[[0;32m  OK  [0m] Started Authorization Manager.
[[0;32m  OK  [0m] Started Accounts Service.
[[0;32m  OK  [0m] Started Message of the Day.

Ubuntu 18.04.6 LTS ubuntu-bionic ttyS0

ubuntu-bionic login: [   39.326478] cloud-init[1480]: Cloud-init v. 22.2-0ubuntu1~18.04.3 running 'modules:config' at Wed, 14 Sep 2022 10:33:21 +0000. Up 38.42 seconds.
[   40.436137] cloud-init[1524]: Cloud-init v. 22.2-0ubuntu1~18.04.3 running 'modules:final' at Wed, 14 Sep 2022 10:33:22 +0000. Up 39.92 seconds.
[   40.437189] cloud-init[1524]: Cloud-init v. 22.2-0ubuntu1~18.04.3 finished at Wed, 14 Sep 2022 10:33:23 +0000. Datasource DataSourceNoCloud [seed=/dev/sdb][dsmode=net].  Up 40.41 seconds
         Stopping udev Kernel Device Manager...
[[0;32m  OK  [0m] Stopped udev Kernel Device Manager.
         Starting udev Kernel Device Manager...
[[0;32m  OK  [0m] Started udev Kernel Device Manager.
         Stopping Network Service...
[[0;32m  OK  [0m] Stopped Network Service.
         Starting Network Service...
[[0;32m  OK  [0m] Started Network Service.
         Stopping Network Name Resolution...
[[0;32m  OK  [0m] Stopped Network Name Resolution.
         Starting Network Name Resolution...
[[0;32m  OK  [0m] Started Network Name Resolution.
[[0;32m  OK  [0m] Stopped Flush Journal to Persistent Storage.
         Stopping Flush Journal to Persistent Storage...
         Stopping Journal Service...
[[0;32m  OK  [0m] Stopped Journal Service.
         Starting Journal Service...
[[0;32m  OK  [0m] Started Journal Service.
         Starting Flush Journal to Persistent Storage...
[[0;32m  OK  [0m] Started Flush Journal to Persistent Storage.
[[0;32m  OK  [0m] Started Daily apt upgrade and clean activities.
